<?xml version="1.0" encoding="UTF-8"?>
<!-- Generated by org.testng.reporters.JUnitReportReporter -->
<testsuite hostname="DESKTOP-M99MILP" failures="0" tests="1" name="com.example.NewTest" time="11.036" errors="0" timestamp="3 Nov 2022 10:13:51 GMT">
  <testcase classname="com.example.NewTest" name="navigateToAUrl" time="11.036"/>
</testsuite> <!-- com.example.NewTest -->
